<?xml version="1.0" encoding="UTF-8"?>
<!-- Generated by org.testng.reporters.JUnitReportReporter -->
<testsuite hostname="CORPJGE5636A" failures="0" tests="1" name="mhbmobile.MHBmobileAutomation" time="92.421" errors="0" timestamp="2021-11-17T14:06:56 CST" skipped="0">
  <testcase classname="mhbmobile.MHBmobileAutomation" name="mhbmain" time="92.421"/>
  <system-out/>
</testsuite> <!-- mhbmobile.MHBmobileAutomation -->
