<?xml version="1.0" encoding="UTF-8"?>
<!-- Generated by org.testng.reporters.JUnitReportReporter -->
<testsuite hostname="CORPJGE5636A" failures="0" tests="1" name="mhbmobile.MHBmobileAutomation" time="48.216" errors="0" timestamp="2022-02-14T09:28:20 CST" skipped="0">
  <testcase classname="mhbmobile.MHBmobileAutomation" name="mhbmain" time="48.216"/>
  <system-out/>
</testsuite> <!-- mhbmobile.MHBmobileAutomation -->
