<?xml version="1.0" encoding="UTF-8"?>
<!-- Generated by org.testng.reporters.JUnitReportReporter -->
<testsuite hostname="CORPJGE5636A" failures="0" tests="1" name="mhbmobile.MHBmobileAutomation" time="55.110" errors="0" timestamp="2021-11-29T11:19:06 CST" skipped="0">
  <testcase classname="mhbmobile.MHBmobileAutomation" name="mhbmain" time="55.110"/>
  <system-out/>
</testsuite> <!-- mhbmobile.MHBmobileAutomation -->
