<?xml version="1.0" encoding="UTF-8"?>
<!-- Generated by org.testng.reporters.JUnitReportReporter -->
<testsuite hostname="CORPJGE5636A" failures="0" tests="1" name="outagetesting.ParallelOutageTestingOne" time="970.208" errors="0" timestamp="2021-11-21T07:22:06 CST" skipped="0">
  <testcase classname="outagetesting.ParallelOutageTestingOne" name="usertest1" time="970.208"/>
  <system-out/>
</testsuite> <!-- outagetesting.ParallelOutageTestingOne -->
