<?xml version="1.0" encoding="UTF-8"?>
<!-- Generated by org.testng.reporters.JUnitReportReporter -->
<testsuite hostname="CORPJGE5636A" failures="0" tests="1" name="androidmhb.AndroidMHBmobileAutomation" time="131.608" errors="0" timestamp="2021-12-02T14:49:19 CST" skipped="0">
  <testcase classname="androidmhb.AndroidMHBmobileAutomation" name="androidmhbmain" time="131.608"/>
  <system-out/>
</testsuite> <!-- androidmhb.AndroidMHBmobileAutomation -->
