<?xml version="1.0" encoding="UTF-8"?>
<!-- Generated by org.testng.reporters.JUnitReportReporter -->
<testsuite hostname="CORPJGE5636A" failures="0" tests="1" name="androidmhb.AndroidMHBmobileAutomation" time="106.485" errors="0" timestamp="2021-12-09T09:03:18 CST" skipped="0">
  <testcase classname="androidmhb.AndroidMHBmobileAutomation" name="androidmhbmain" time="106.485"/>
  <system-out/>
</testsuite> <!-- androidmhb.AndroidMHBmobileAutomation -->
