<?xml version="1.0" encoding="UTF-8"?>
<!-- Generated by org.testng.reporters.JUnitReportReporter -->
<testsuite hostname="CORPJGE5636A" failures="0" tests="2" name="TestNGmhb" time="0.008" errors="0" timestamp="2021-10-05T13:57:22 CDT" skipped="0">
  <testcase classname="TestNGmhb" name="f" time="0.006"/>
  <system-out/>
  <testcase classname="TestNGmhb" name="f" time="0.002"/>
  <system-out/>
</testsuite> <!-- TestNGmhb -->
