<?xml version="1.0" encoding="UTF-8"?>
<!-- Generated by org.testng.reporters.JUnitReportReporter -->
<testsuite hostname="CORPJGE5636A" failures="0" tests="1" name="mhbmobile.MHBmobileAutomation" time="336.773" errors="0" timestamp="2021-10-06T13:14:43 CDT" skipped="0">
  <testcase classname="mhbmobile.MHBmobileAutomation" name="mhbmain" time="336.773"/>
  <system-out/>
</testsuite> <!-- mhbmobile.MHBmobileAutomation -->
