<?xml version="1.0" encoding="UTF-8"?>
<!-- Generated by org.testng.reporters.JUnitReportReporter -->
<testsuite hostname="CORPJGE5636A" failures="0" tests="2" name="mhbmobile.MHBmobileAutomationGeneral" time="42.206" errors="0" timestamp="2021-11-22T09:46:31 CST" skipped="0">
  <testcase classname="mhbmobile.MHBmobileAutomationGeneral" name="invpass" time="21.298"/>
  <system-out/>
  <testcase classname="mhbmobile.MHBmobileAutomationGeneral" name="invuser" time="20.908"/>
  <system-out/>
</testsuite> <!-- mhbmobile.MHBmobileAutomationGeneral -->
