<?xml version="1.0" encoding="UTF-8"?>
<!-- Generated by org.testng.reporters.JUnitReportReporter -->
<testsuite hostname="CORPJGE5636A" failures="0" tests="1" name="outagetesting.ParallelOutageTestingTwo" time="50.036" errors="0" timestamp="2021-10-26T14:22:43 CDT" skipped="0">
  <testcase classname="outagetesting.ParallelOutageTestingTwo" name="usertest2" time="50.036"/>
  <system-out/>
</testsuite> <!-- outagetesting.ParallelOutageTestingTwo -->
