<?xml version="1.0" encoding="UTF-8"?>
<!-- Generated by org.testng.reporters.JUnitReportReporter -->
<testsuite hostname="CORPJGE5636A" failures="0" tests="1" name="outagetesting.ParallelOutageTestingTwo" time="732.346" errors="0" timestamp="2021-11-21T07:22:06 CST" skipped="0">
  <testcase classname="outagetesting.ParallelOutageTestingTwo" name="usertest2" time="732.346"/>
  <system-out/>
</testsuite> <!-- outagetesting.ParallelOutageTestingTwo -->
