<?xml version="1.0" encoding="UTF-8"?>
<!-- Generated by org.testng.reporters.JUnitReportReporter -->
<testsuite hostname="CORPJGE5636A" failures="0" tests="1" name="androidmhb.AndroidMHBmobileAutomation" time="143.967" errors="0" timestamp="2021-12-14T10:25:40 CST" skipped="0">
  <testcase classname="androidmhb.AndroidMHBmobileAutomation" name="androidmhbmain" time="143.967"/>
  <system-out/>
</testsuite> <!-- androidmhb.AndroidMHBmobileAutomation -->
