<?xml version="1.0" encoding="UTF-8"?>
<!-- Generated by org.testng.reporters.JUnitReportReporter -->
<testsuite hostname="CORPJGE5636A" failures="0" tests="1" name="Reports.MHBExtentReports" time="0.015" errors="0" timestamp="2022-02-10T13:51:32 CST" skipped="0">
  <testcase classname="Reports.MHBExtentReports" name="DashboardReport" time="0.015"/>
  <system-out/>
</testsuite> <!-- Reports.MHBExtentReports -->
