<?xml version="1.0" encoding="UTF-8"?>
<!-- Generated by org.testng.reporters.JUnitReportReporter -->
<testsuite hostname="CORPJGE5636A" failures="0" tests="1" name="mhbmobile.MHBmobileAutomation" time="103.749" errors="0" timestamp="2021-10-13T15:58:19 CDT" skipped="0">
  <testcase classname="mhbmobile.MHBmobileAutomation" name="mhbmain" time="103.749"/>
  <system-out/>
</testsuite> <!-- mhbmobile.MHBmobileAutomation -->
