<?xml version="1.0" encoding="UTF-8"?>
<!-- Generated by org.testng.reporters.JUnitReportReporter -->
<testsuite hostname="CORPJGE5636A" failures="0" tests="1" name="outagetesting.ParallelOutageTestingOne" time="713.049" errors="0" timestamp="2022-01-19T11:46:08 CST" skipped="0">
  <testcase classname="outagetesting.ParallelOutageTestingOne" name="usertest1" time="713.049"/>
  <system-out/>
</testsuite> <!-- outagetesting.ParallelOutageTestingOne -->
