<?xml version="1.0" encoding="UTF-8"?>
<!-- Generated by org.testng.reporters.JUnitReportReporter -->
<testsuite hostname="CORPJGE5636A" failures="0" tests="1" name="outagetesting.ParallelOutageTestingOne" time="746.507" errors="0" timestamp="2021-12-19T07:25:57 CST" skipped="0">
  <testcase classname="outagetesting.ParallelOutageTestingOne" name="usertest1" time="746.507"/>
  <system-out/>
</testsuite> <!-- outagetesting.ParallelOutageTestingOne -->
