<?xml version="1.0" encoding="UTF-8"?>
<!-- Generated by org.testng.reporters.JUnitReportReporter -->
<testsuite hostname="CORPJGE5636A" failures="0" tests="1" name="mhbmobile.MHBmobileLogin" time="19.801" errors="0" timestamp="2021-10-06T11:52:19 CDT" skipped="0">
  <testcase classname="mhbmobile.MHBmobileLogin" name="MhbLogn" time="19.801"/>
  <system-out/>
</testsuite> <!-- mhbmobile.MHBmobileLogin -->
