<?xml version="1.0" encoding="UTF-8"?>
<!-- Generated by org.testng.reporters.JUnitReportReporter -->
<testsuite hostname="CORPJGE5636A" failures="0" tests="1" name="mhbmobile.MHBmobileAutomation" time="79.642" errors="0" timestamp="2021-10-19T11:31:53 CDT" skipped="0">
  <testcase classname="mhbmobile.MHBmobileAutomation" name="mhbmain" time="79.642"/>
  <system-out/>
</testsuite> <!-- mhbmobile.MHBmobileAutomation -->
