<?xml version="1.0" encoding="UTF-8"?>
<!-- Generated by org.testng.reporters.JUnitReportReporter -->
<testsuite hostname="CORPJGE5636A" failures="0" tests="1" name="outagetesting.ParallelOutageTestingOne" time="31.293" errors="0" timestamp="2021-10-26T14:22:43 CDT" skipped="0">
  <testcase classname="outagetesting.ParallelOutageTestingOne" name="usertest1" time="31.293"/>
  <system-out/>
</testsuite> <!-- outagetesting.ParallelOutageTestingOne -->
