<?xml version="1.0" encoding="UTF-8"?>
<!-- Generated by org.testng.reporters.JUnitReportReporter -->
<testsuite hostname="CORPJGE5636A" failures="0" tests="1" name="mhbmobile.MHBmobileAutomation" time="112.357" errors="0" timestamp="2022-02-03T11:50:08 CST" skipped="0">
  <testcase classname="mhbmobile.MHBmobileAutomation" name="mhbmain" time="112.357"/>
  <system-out/>
</testsuite> <!-- mhbmobile.MHBmobileAutomation -->
