<?xml version="1.0" encoding="UTF-8"?>
<!-- Generated by org.testng.reporters.JUnitReportReporter -->
<testsuite hostname="CORPJGE5636A" failures="0" tests="1" name="outagetesting.ParallelOutageTestingTwo" time="957.345" errors="0" timestamp="2021-12-19T07:25:57 CST" skipped="0">
  <testcase classname="outagetesting.ParallelOutageTestingTwo" name="usertest2" time="957.345"/>
  <system-out/>
</testsuite> <!-- outagetesting.ParallelOutageTestingTwo -->
