<?xml version="1.0" encoding="UTF-8"?>
<!-- Generated by org.testng.reporters.JUnitReportReporter -->
<testsuite hostname="CORPJGE5636A" failures="0" tests="1" name="mhbmobile.LocaliOSTest" time="31.290" errors="0" timestamp="2021-10-28T09:13:17 CDT" skipped="0">
  <testcase classname="mhbmobile.LocaliOSTest" name="quickStartiOSNativeDemo" time="31.290"/>
  <system-out/>
</testsuite> <!-- mhbmobile.LocaliOSTest -->
