<?xml version="1.0" encoding="UTF-8"?>
<!-- Generated by org.testng.reporters.JUnitReportReporter -->
<testsuite hostname="CORPJGE5636A" failures="0" tests="1" name="mhbmobile.MHBmobileAutomation" time="86.373" errors="0" timestamp="2021-10-20T13:37:47 CDT" skipped="0">
  <testcase classname="mhbmobile.MHBmobileAutomation" name="mhbmain" time="86.373"/>
  <system-out/>
</testsuite> <!-- mhbmobile.MHBmobileAutomation -->
